# JRE version: Java(TM) SE Runtime Environment (8.0_191-b12) (build 1.8.0_191-b12)
# Java VM: Java HotSpot(TM) 64-Bit Server VM (25.191-b12 mixed mode windows-amd64 compressed oops)
Heap:
 PSYoungGen      total 459264K, used 64864K [0x00000000d5f80000, 0x0000000100000000, 0x0000000100000000)
  eden space 229888K, 0% used [0x00000000d5f80000,0x00000000d5f80000,0x00000000e4000000)
  from space 229376K, 28% used [0x00000000e4000000,0x00000000e7f58000,0x00000000f2000000)
  to   space 229376K, 0% used [0x00000000f2000000,0x00000000f2000000,0x0000000100000000)
 ParOldGen       total 939520K, used 723920K [0x0000000081e00000, 0x00000000bb380000, 0x00000000d5f80000)
  object space 939520K, 77% used [0x0000000081e00000,0x00000000ae0f4318,0x00000000bb380000)
 Metaspace       used 19804K, capacity 20118K, committed 20352K, reserved 1067008K
  class space    used 2550K, capacity 2629K, committed 2688K, reserved 1048576K
GC Heap History (10 events):
Event: 14.542 GC heap after
Heap after GC invocations=48 (full 9):
 PSYoungGen      total 299008K, used 68741K [0x00000000d5f80000, 0x00000000ffd00000, 0x0000000100000000)
  eden space 229888K, 0% used [0x00000000d5f80000,0x00000000d5f80000,0x00000000e4000000)
  from space 69120K, 99% used [0x00000000e4000000,0x00000000e83215d0,0x00000000e8380000)
  to   space 227840K, 0% used [0x00000000f1e80000,0x00000000f1e80000,0x00000000ffd00000)
 ParOldGen       total 939520K, used 365444K [0x0000000081e00000, 0x00000000bb380000, 0x00000000d5f80000)
  object space 939520K, 38% used [0x0000000081e00000,0x00000000982e1070,0x00000000bb380000)
 Metaspace       used 19792K, capacity 20100K, committed 20352K, reserved 1067008K
  class space    used 2548K, capacity 2626K, committed 2688K, reserved 1048576K
}
Event: 14.627 GC heap before
{Heap before GC invocations=49 (full 9):
 PSYoungGen      total 299008K, used 298629K [0x00000000d5f80000, 0x00000000ffd00000, 0x0000000100000000)
  eden space 229888K, 100% used [0x00000000d5f80000,0x00000000e4000000,0x00000000e4000000)
  from space 69120K, 99% used [0x00000000e4000000,0x00000000e83215d0,0x00000000e8380000)
  to   space 227840K, 0% used [0x00000000f1e80000,0x00000000f1e80000,0x00000000ffd00000)
 ParOldGen       total 939520K, used 365444K [0x0000000081e00000, 0x00000000bb380000, 0x00000000d5f80000)
  object space 939520K, 38% used [0x0000000081e00000,0x00000000982e1070,0x00000000bb380000)
 Metaspace       used 19792K, capacity 20100K, committed 20352K, reserved 1067008K
  class space    used 2548K, capacity 2626K, committed 2688K, reserved 1048576K
Event: 14.653 GC heap after
Heap after GC invocations=49 (full 9):
 PSYoungGen      total 468480K, used 71712K [0x00000000d5f80000, 0x0000000100000000, 0x0000000100000000)
  eden space 240640K, 0% used [0x00000000d5f80000,0x00000000d5f80000,0x00000000e4a80000)
  from space 227840K, 31% used [0x00000000f1e80000,0x00000000f64883d8,0x00000000ffd00000)
  to   space 217088K, 0% used [0x00000000e4a80000,0x00000000e4a80000,0x00000000f1e80000)
 ParOldGen       total 939520K, used 365444K [0x0000000081e00000, 0x00000000bb380000, 0x00000000d5f80000)
  object space 939520K, 38% used [0x0000000081e00000,0x00000000982e1070,0x00000000bb380000)
 Metaspace       used 19792K, capacity 20100K, committed 20352K, reserved 1067008K
  class space    used 2548K, capacity 2626K, committed 2688K, reserved 1048576K
}
Event: 14.928 GC heap before
{Heap before GC invocations=50 (full 9):
 PSYoungGen      total 468480K, used 312352K [0x00000000d5f80000, 0x0000000100000000, 0x0000000100000000)
  eden space 240640K, 100% used [0x00000000d5f80000,0x00000000e4a80000,0x00000000e4a80000)
  from space 227840K, 31% used [0x00000000f1e80000,0x00000000f64883d8,0x00000000ffd00000)
  to   space 217088K, 0% used [0x00000000e4a80000,0x00000000e4a80000,0x00000000f1e80000)
 ParOldGen       total 939520K, used 365444K [0x0000000081e00000, 0x00000000bb380000, 0x00000000d5f80000)
  object space 939520K, 38% used [0x0000000081e00000,0x00000000982e1070,0x00000000bb380000)
 Metaspace       used 19804K, capacity 20118K, committed 20352K, reserved 1067008K
  class space    used 2550K, capacity 2629K, committed 2688K, reserved 1048576K
Event: 14.987 GC heap after
Heap after GC invocations=50 (full 9):
 PSYoungGen      total 457728K, used 217080K [0x00000000d5f80000, 0x0000000100000000, 0x0000000100000000)
  eden space 240640K, 0% used [0x00000000d5f80000,0x00000000d5f80000,0x00000000e4a80000)
  from space 217088K, 99% used [0x00000000e4a80000,0x00000000f1e7e3b0,0x00000000f1e80000)
  to   space 229376K, 0% used [0x00000000f2000000,0x00000000f2000000,0x0000000100000000)
 ParOldGen       total 939520K, used 400957K [0x0000000081e00000, 0x00000000bb380000, 0x00000000d5f80000)
  object space 939520K, 42% used [0x0000000081e00000,0x000000009a58f410,0x00000000bb380000)
 Metaspace       used 19804K, capacity 20118K, committed 20352K, reserved 1067008K
  class space    used 2550K, capacity 2629K, committed 2688K, reserved 1048576K
}
Event: 15.291 GC heap before
{Heap before GC invocations=51 (full 9):
 PSYoungGen      total 457728K, used 457720K [0x00000000d5f80000, 0x0000000100000000, 0x0000000100000000)
  eden space 240640K, 100% used [0x00000000d5f80000,0x00000000e4a80000,0x00000000e4a80000)
  from space 217088K, 99% used [0x00000000e4a80000,0x00000000f1e7e3b0,0x00000000f1e80000)
  to   space 229376K, 0% used [0x00000000f2000000,0x00000000f2000000,0x0000000100000000)
 ParOldGen       total 939520K, used 400957K [0x0000000081e00000, 0x00000000bb380000, 0x00000000d5f80000)
  object space 939520K, 42% used [0x0000000081e00000,0x000000009a58f410,0x00000000bb380000)
 Metaspace       used 19804K, capacity 20118K, committed 20352K, reserved 1067008K
  class space    used 2550K, capacity 2629K, committed 2688K, reserved 1048576K
Event: 15.385 GC heap after
Heap after GC invocations=51 (full 9):
 PSYoungGen      total 459264K, used 229371K [0x00000000d5f80000, 0x0000000100000000, 0x0000000100000000)
  eden space 229888K, 0% used [0x00000000d5f80000,0x00000000d5f80000,0x00000000e4000000)
  from space 229376K, 99% used [0x00000000f2000000,0x00000000ffffeed0,0x0000000100000000)
  to   space 229376K, 0% used [0x00000000e4000000,0x00000000e4000000,0x00000000f2000000)
 ParOldGen       total 939520K, used 504927K [0x0000000081e00000, 0x00000000bb380000, 0x00000000d5f80000)
  object space 939520K, 53% used [0x0000000081e00000,0x00000000a0b17f18,0x00000000bb380000)
 Metaspace       used 19804K, capacity 20118K, committed 20352K, reserved 1067008K
  class space    used 2550K, capacity 2629K, committed 2688K, reserved 1048576K
}
Event: 15.629 GC heap before
{Heap before GC invocations=52 (full 9):
 PSYoungGen      total 459264K, used 459259K [0x00000000d5f80000, 0x0000000100000000, 0x0000000100000000)
  eden space 229888K, 100% used [0x00000000d5f80000,0x00000000e4000000,0x00000000e4000000)
  from space 229376K, 99% used [0x00000000f2000000,0x00000000ffffeed0,0x0000000100000000)
  to   space 229376K, 0% used [0x00000000e4000000,0x00000000e4000000,0x00000000f2000000)
 ParOldGen       total 939520K, used 504927K [0x0000000081e00000, 0x00000000bb380000, 0x00000000d5f80000)
  object space 939520K, 53% used [0x0000000081e00000,0x00000000a0b17f18,0x00000000bb380000)
 Metaspace       used 19804K, capacity 20118K, committed 20352K, reserved 1067008K
  class space    used 2550K, capacity 2629K, committed 2688K, reserved 1048576K
Event: 15.724 GC heap after
Heap after GC invocations=52 (full 9):
 PSYoungGen      total 459264K, used 64864K [0x00000000d5f80000, 0x0000000100000000, 0x0000000100000000)
  eden space 229888K, 0% used [0x00000000d5f80000,0x00000000d5f80000,0x00000000e4000000)
  from space 229376K, 28% used [0x00000000e4000000,0x00000000e7f58000,0x00000000f2000000)
  to   space 229376K, 0% used [0x00000000f2000000,0x00000000f2000000,0x0000000100000000)
 ParOldGen       total 939520K, used 723920K [0x0000000081e00000, 0x00000000bb380000, 0x00000000d5f80000)
  object space 939520K, 77% used [0x0000000081e00000,0x00000000ae0f4318,0x00000000bb380000)
 Metaspace       used 19804K, capacity 20118K, committed 20352K, reserved 1067008K
  class space    used 2550K, capacity 2629K, committed 2688K, reserved 1048576K
}
Event: 15.724 GC heap before
{Heap before GC invocations=53 (full 10):
 PSYoungGen      total 459264K, used 64864K [0x00000000d5f80000, 0x0000000100000000, 0x0000000100000000)
  eden space 229888K, 0% used [0x00000000d5f80000,0x00000000d5f80000,0x00000000e4000000)
  from space 229376K, 28% used [0x00000000e4000000,0x00000000e7f58000,0x00000000f2000000)
  to   space 229376K, 0% used [0x00000000f2000000,0x00000000f2000000,0x0000000100000000)
 ParOldGen       total 939520K, used 723920K [0x0000000081e00000, 0x00000000bb380000, 0x00000000d5f80000)
  object space 939520K, 77% used [0x0000000081e00000,0x00000000ae0f4318,0x00000000bb380000)
 Metaspace       used 19804K, capacity 20118K, committed 20352K, reserved 1067008K
  class space    used 2550K, capacity 2629K, committed 2688K, reserved 1048576K

