# JRE version: Java(TM) SE Runtime Environment (8.0_191-b12) (build 1.8.0_191-b12)
# Java VM: Java HotSpot(TM) 64-Bit Server VM (25.191-b12 mixed mode windows-amd64 compressed oops)
Heap:
 PSYoungGen      total 459264K, used 229371K [0x00000000d5f80000, 0x0000000100000000, 0x0000000100000000)
  eden space 229888K, 0% used [0x00000000d5f80000,0x00000000d5f80000,0x00000000e4000000)
  from space 229376K, 99% used [0x00000000f2000000,0x00000000ffffef50,0x0000000100000000)
  to   space 229376K, 0% used [0x00000000e4000000,0x00000000e4000000,0x00000000f2000000)
 ParOldGen       total 528384K, used 497288K [0x0000000081e00000, 0x00000000a2200000, 0x00000000d5f80000)
  object space 528384K, 94% used [0x0000000081e00000,0x00000000a03a2328,0x00000000a2200000)
 Metaspace       used 19429K, capacity 19648K, committed 20096K, reserved 1067008K
  class space    used 2535K, capacity 2604K, committed 2688K, reserved 1048576K
GC Heap History (10 events):
Event: 5.432 GC heap after
Heap after GC invocations=17 (full 3):
 PSYoungGen      total 440320K, used 92533K [0x00000000d5f80000, 0x0000000100000000, 0x0000000100000000)
  eden space 229888K, 0% used [0x00000000d5f80000,0x00000000d5f80000,0x00000000e4000000)
  from space 210432K, 43% used [0x00000000f3280000,0x00000000f8cdd5f0,0x0000000100000000)
  to   space 229376K, 0% used [0x00000000e4000000,0x00000000e4000000,0x00000000f2000000)
 ParOldGen       total 528384K, used 268157K [0x0000000081e00000, 0x00000000a2200000, 0x00000000d5f80000)
  object space 528384K, 50% used [0x0000000081e00000,0x00000000923df450,0x00000000a2200000)
 Metaspace       used 19356K, capacity 19644K, committed 20096K, reserved 1067008K
  class space    used 2533K, capacity 2604K, committed 2688K, reserved 1048576K
}
Event: 5.704 GC heap before
{Heap before GC invocations=18 (full 3):
 PSYoungGen      total 440320K, used 322421K [0x00000000d5f80000, 0x0000000100000000, 0x0000000100000000)
  eden space 229888K, 100% used [0x00000000d5f80000,0x00000000e4000000,0x00000000e4000000)
  from space 210432K, 43% used [0x00000000f3280000,0x00000000f8cdd5f0,0x0000000100000000)
  to   space 229376K, 0% used [0x00000000e4000000,0x00000000e4000000,0x00000000f2000000)
 ParOldGen       total 528384K, used 268157K [0x0000000081e00000, 0x00000000a2200000, 0x00000000d5f80000)
  object space 528384K, 50% used [0x0000000081e00000,0x00000000923df450,0x00000000a2200000)
 Metaspace       used 19429K, capacity 19648K, committed 20096K, reserved 1067008K
  class space    used 2535K, capacity 2604K, committed 2688K, reserved 1048576K
Event: 5.774 GC heap after
Heap after GC invocations=18 (full 3):
 PSYoungGen      total 459264K, used 70604K [0x00000000d5f80000, 0x00000000ffc80000, 0x0000000100000000)
  eden space 229888K, 0% used [0x00000000d5f80000,0x00000000d5f80000,0x00000000e4000000)
  from space 229376K, 30% used [0x00000000e4000000,0x00000000e84f33f8,0x00000000f2000000)
  to   space 218112K, 0% used [0x00000000f2780000,0x00000000f2780000,0x00000000ffc80000)
 ParOldGen       total 528384K, used 360781K [0x0000000081e00000, 0x00000000a2200000, 0x00000000d5f80000)
  object space 528384K, 68% used [0x0000000081e00000,0x0000000097e534d0,0x00000000a2200000)
 Metaspace       used 19429K, capacity 19648K, committed 20096K, reserved 1067008K
  class space    used 2535K, capacity 2604K, committed 2688K, reserved 1048576K
}
Event: 5.858 GC heap before
{Heap before GC invocations=19 (full 3):
 PSYoungGen      total 459264K, used 300492K [0x00000000d5f80000, 0x00000000ffc80000, 0x0000000100000000)
  eden space 229888K, 100% used [0x00000000d5f80000,0x00000000e4000000,0x00000000e4000000)
  from space 229376K, 30% used [0x00000000e4000000,0x00000000e84f33f8,0x00000000f2000000)
  to   space 218112K, 0% used [0x00000000f2780000,0x00000000f2780000,0x00000000ffc80000)
 ParOldGen       total 528384K, used 360781K [0x0000000081e00000, 0x00000000a2200000, 0x00000000d5f80000)
  object space 528384K, 68% used [0x0000000081e00000,0x0000000097e534d0,0x00000000a2200000)
 Metaspace       used 19429K, capacity 19648K, committed 20096K, reserved 1067008K
  class space    used 2535K, capacity 2604K, committed 2688K, reserved 1048576K
Event: 5.884 GC heap after
Heap after GC invocations=19 (full 3):
 PSYoungGen      total 427008K, used 73544K [0x00000000d5f80000, 0x00000000fdd00000, 0x0000000100000000)
  eden space 241152K, 0% used [0x00000000d5f80000,0x00000000d5f80000,0x00000000e4b00000)
  from space 185856K, 39% used [0x00000000f2780000,0x00000000f6f52230,0x00000000fdd00000)
  to   space 205824K, 0% used [0x00000000e4b00000,0x00000000e4b00000,0x00000000f1400000)
 ParOldGen       total 528384K, used 360781K [0x0000000081e00000, 0x00000000a2200000, 0x00000000d5f80000)
  object space 528384K, 68% used [0x0000000081e00000,0x0000000097e534d0,0x00000000a2200000)
 Metaspace       used 19429K, capacity 19648K, committed 20096K, reserved 1067008K
  class space    used 2535K, capacity 2604K, committed 2688K, reserved 1048576K
}
Event: 6.172 GC heap before
{Heap before GC invocations=20 (full 3):
 PSYoungGen      total 427008K, used 314696K [0x00000000d5f80000, 0x00000000fdd00000, 0x0000000100000000)
  eden space 241152K, 100% used [0x00000000d5f80000,0x00000000e4b00000,0x00000000e4b00000)
  from space 185856K, 39% used [0x00000000f2780000,0x00000000f6f52230,0x00000000fdd00000)
  to   space 205824K, 0% used [0x00000000e4b00000,0x00000000e4b00000,0x00000000f1400000)
 ParOldGen       total 528384K, used 360781K [0x0000000081e00000, 0x00000000a2200000, 0x00000000d5f80000)
  object space 528384K, 68% used [0x0000000081e00000,0x0000000097e534d0,0x00000000a2200000)
 Metaspace       used 19429K, capacity 19648K, committed 20096K, reserved 1067008K
  class space    used 2535K, capacity 2604K, committed 2688K, reserved 1048576K
Event: 6.230 GC heap after
Heap after GC invocations=20 (full 3):
 PSYoungGen      total 446976K, used 205812K [0x00000000d5f80000, 0x0000000100000000, 0x0000000100000000)
  eden space 241152K, 0% used [0x00000000d5f80000,0x00000000d5f80000,0x00000000e4b00000)
  from space 205824K, 99% used [0x00000000e4b00000,0x00000000f13fd118,0x00000000f1400000)
  to   space 229376K, 0% used [0x00000000f2000000,0x00000000f2000000,0x0000000100000000)
 ParOldGen       total 528384K, used 375853K [0x0000000081e00000, 0x00000000a2200000, 0x00000000d5f80000)
  object space 528384K, 71% used [0x0000000081e00000,0x0000000098d0b640,0x00000000a2200000)
 Metaspace       used 19429K, capacity 19648K, committed 20096K, reserved 1067008K
  class space    used 2535K, capacity 2604K, committed 2688K, reserved 1048576K
}
Event: 6.522 GC heap before
{Heap before GC invocations=21 (full 3):
 PSYoungGen      total 446976K, used 446964K [0x00000000d5f80000, 0x0000000100000000, 0x0000000100000000)
  eden space 241152K, 100% used [0x00000000d5f80000,0x00000000e4b00000,0x00000000e4b00000)
  from space 205824K, 99% used [0x00000000e4b00000,0x00000000f13fd118,0x00000000f1400000)
  to   space 229376K, 0% used [0x00000000f2000000,0x00000000f2000000,0x0000000100000000)
 ParOldGen       total 528384K, used 375853K [0x0000000081e00000, 0x00000000a2200000, 0x00000000d5f80000)
  object space 528384K, 71% used [0x0000000081e00000,0x0000000098d0b640,0x00000000a2200000)
 Metaspace       used 19429K, capacity 19648K, committed 20096K, reserved 1067008K
  class space    used 2535K, capacity 2604K, committed 2688K, reserved 1048576K
Event: 6.629 GC heap after
Heap after GC invocations=21 (full 3):
 PSYoungGen      total 459264K, used 229371K [0x00000000d5f80000, 0x0000000100000000, 0x0000000100000000)
  eden space 229888K, 0% used [0x00000000d5f80000,0x00000000d5f80000,0x00000000e4000000)
  from space 229376K, 99% used [0x00000000f2000000,0x00000000ffffef50,0x0000000100000000)
  to   space 229376K, 0% used [0x00000000e4000000,0x00000000e4000000,0x00000000f2000000)
 ParOldGen       total 528384K, used 497288K [0x0000000081e00000, 0x00000000a2200000, 0x00000000d5f80000)
  object space 528384K, 94% used [0x0000000081e00000,0x00000000a03a2328,0x00000000a2200000)
 Metaspace       used 19429K, capacity 19648K, committed 20096K, reserved 1067008K
  class space    used 2535K, capacity 2604K, committed 2688K, reserved 1048576K
}
Event: 6.629 GC heap before
{Heap before GC invocations=22 (full 4):
 PSYoungGen      total 459264K, used 229371K [0x00000000d5f80000, 0x0000000100000000, 0x0000000100000000)
  eden space 229888K, 0% used [0x00000000d5f80000,0x00000000d5f80000,0x00000000e4000000)
  from space 229376K, 99% used [0x00000000f2000000,0x00000000ffffef50,0x0000000100000000)
  to   space 229376K, 0% used [0x00000000e4000000,0x00000000e4000000,0x00000000f2000000)
 ParOldGen       total 528384K, used 497288K [0x0000000081e00000, 0x00000000a2200000, 0x00000000d5f80000)
  object space 528384K, 94% used [0x0000000081e00000,0x00000000a03a2328,0x00000000a2200000)
 Metaspace       used 19429K, capacity 19648K, committed 20096K, reserved 1067008K
  class space    used 2535K, capacity 2604K, committed 2688K, reserved 1048576K

