# JRE version: Java(TM) SE Runtime Environment (8.0_191-b12) (build 1.8.0_191-b12)
# Java VM: Java HotSpot(TM) 64-Bit Server VM (25.191-b12 mixed mode windows-amd64 compressed oops)
Heap:
 PSYoungGen      total 446976K, used 446946K [0x00000000d5f80000, 0x0000000100000000, 0x0000000100000000)
  eden space 229888K, 100% used [0x00000000d5f80000,0x00000000e4000000,0x00000000e4000000)
  from space 217088K, 99% used [0x00000000f2c00000,0x00000000ffff8910,0x0000000100000000)
  to   space 229376K, 18% used [0x00000000e4000000,0x00000000e68ff3f8,0x00000000f2000000)
 ParOldGen       total 263680K, used 252311K [0x0000000081e00000, 0x0000000091f80000, 0x00000000d5f80000)
  object space 263680K, 95% used [0x0000000081e00000,0x000000009146fc30,0x0000000091f80000)
 Metaspace       used 19436K, capacity 19648K, committed 20096K, reserved 1067008K
  class space    used 2546K, capacity 2604K, committed 2688K, reserved 1048576K
GC Heap History (10 events):
Event: 4.180 GC heap after
Heap after GC invocations=13 (full 2):
 PSYoungGen      total 391168K, used 127461K [0x00000000d5f80000, 0x00000000fca00000, 0x0000000100000000)
  eden space 263680K, 0% used [0x00000000d5f80000,0x00000000d5f80000,0x00000000e6100000)
  from space 127488K, 99% used [0x00000000e6100000,0x00000000edd796a0,0x00000000edd80000)
  to   space 165888K, 0% used [0x00000000f2800000,0x00000000f2800000,0x00000000fca00000)
 ParOldGen       total 446464K, used 303237K [0x0000000081e00000, 0x000000009d200000, 0x00000000d5f80000)
  object space 446464K, 67% used [0x0000000081e00000,0x0000000094621650,0x000000009d200000)
 Metaspace       used 19355K, capacity 19580K, committed 19840K, reserved 1067008K
  class space    used 2544K, capacity 2604K, committed 2688K, reserved 1048576K
}
Event: 4.314 GC heap before
{Heap before GC invocations=14 (full 2):
 PSYoungGen      total 391168K, used 391141K [0x00000000d5f80000, 0x00000000fca00000, 0x0000000100000000)
  eden space 263680K, 100% used [0x00000000d5f80000,0x00000000e6100000,0x00000000e6100000)
  from space 127488K, 99% used [0x00000000e6100000,0x00000000edd796a0,0x00000000edd80000)
  to   space 165888K, 0% used [0x00000000f2800000,0x00000000f2800000,0x00000000fca00000)
 ParOldGen       total 446464K, used 303237K [0x0000000081e00000, 0x000000009d200000, 0x00000000d5f80000)
  object space 446464K, 67% used [0x0000000081e00000,0x0000000094621650,0x000000009d200000)
 Metaspace       used 19355K, capacity 19580K, committed 19840K, reserved 1067008K
  class space    used 2544K, capacity 2604K, committed 2688K, reserved 1048576K
Event: 4.387 GC heap after
Heap after GC invocations=14 (full 2):
 PSYoungGen      total 475648K, used 62912K [0x00000000d5f80000, 0x00000000fcb00000, 0x0000000100000000)
  eden space 309760K, 0% used [0x00000000d5f80000,0x00000000d5f80000,0x00000000e8e00000)
  from space 165888K, 37% used [0x00000000f2800000,0x00000000f6570378,0x00000000fca00000)
  to   space 157696K, 0% used [0x00000000e8e00000,0x00000000e8e00000,0x00000000f2800000)
 ParOldGen       total 446464K, used 371717K [0x0000000081e00000, 0x000000009d200000, 0x00000000d5f80000)
  object space 446464K, 83% used [0x0000000081e00000,0x00000000989017c0,0x000000009d200000)
 Metaspace       used 19355K, capacity 19580K, committed 19840K, reserved 1067008K
  class space    used 2544K, capacity 2604K, committed 2688K, reserved 1048576K
}
Event: 4.387 GC heap before
{Heap before GC invocations=15 (full 3):
 PSYoungGen      total 475648K, used 62912K [0x00000000d5f80000, 0x00000000fcb00000, 0x0000000100000000)
  eden space 309760K, 0% used [0x00000000d5f80000,0x00000000d5f80000,0x00000000e8e00000)
  from space 165888K, 37% used [0x00000000f2800000,0x00000000f6570378,0x00000000fca00000)
  to   space 157696K, 0% used [0x00000000e8e00000,0x00000000e8e00000,0x00000000f2800000)
 ParOldGen       total 446464K, used 371717K [0x0000000081e00000, 0x000000009d200000, 0x00000000d5f80000)
  object space 446464K, 83% used [0x0000000081e00000,0x00000000989017c0,0x000000009d200000)
 Metaspace       used 19355K, capacity 19580K, committed 19840K, reserved 1067008K
  class space    used 2544K, capacity 2604K, committed 2688K, reserved 1048576K
Event: 4.441 GC heap after
Heap after GC invocations=15 (full 3):
 PSYoungGen      total 475648K, used 0K [0x00000000d5f80000, 0x00000000fcb00000, 0x0000000100000000)
  eden space 309760K, 0% used [0x00000000d5f80000,0x00000000d5f80000,0x00000000e8e00000)
  from space 165888K, 0% used [0x00000000f2800000,0x00000000f2800000,0x00000000fca00000)
  to   space 157696K, 0% used [0x00000000e8e00000,0x00000000e8e00000,0x00000000f2800000)
 ParOldGen       total 263680K, used 40177K [0x0000000081e00000, 0x0000000091f80000, 0x00000000d5f80000)
  object space 263680K, 15% used [0x0000000081e00000,0x000000008453c710,0x0000000091f80000)
 Metaspace       used 19355K, capacity 19580K, committed 19840K, reserved 1067008K
  class space    used 2544K, capacity 2604K, committed 2688K, reserved 1048576K
}
Event: 4.837 GC heap before
{Heap before GC invocations=16 (full 3):
 PSYoungGen      total 475648K, used 309760K [0x00000000d5f80000, 0x00000000fcb00000, 0x0000000100000000)
  eden space 309760K, 100% used [0x00000000d5f80000,0x00000000e8e00000,0x00000000e8e00000)
  from space 165888K, 0% used [0x00000000f2800000,0x00000000f2800000,0x00000000fca00000)
  to   space 157696K, 0% used [0x00000000e8e00000,0x00000000e8e00000,0x00000000f2800000)
 ParOldGen       total 263680K, used 40177K [0x0000000081e00000, 0x0000000091f80000, 0x00000000d5f80000)
  object space 263680K, 15% used [0x0000000081e00000,0x000000008453c710,0x0000000091f80000)
 Metaspace       used 19362K, capacity 19644K, committed 20096K, reserved 1067008K
  class space    used 2544K, capacity 2604K, committed 2688K, reserved 1048576K
Event: 4.892 GC heap after
Heap after GC invocations=16 (full 3):
 PSYoungGen      total 467456K, used 157669K [0x00000000d5f80000, 0x0000000100000000, 0x0000000100000000)
  eden space 309760K, 0% used [0x00000000d5f80000,0x00000000d5f80000,0x00000000e8e00000)
  from space 157696K, 99% used [0x00000000e8e00000,0x00000000f27f9710,0x00000000f2800000)
  to   space 217088K, 0% used [0x00000000f2c00000,0x00000000f2c00000,0x0000000100000000)
 ParOldGen       total 263680K, used 124628K [0x0000000081e00000, 0x0000000091f80000, 0x00000000d5f80000)
  object space 263680K, 47% used [0x0000000081e00000,0x00000000897b5250,0x0000000091f80000)
 Metaspace       used 19362K, capacity 19644K, committed 20096K, reserved 1067008K
  class space    used 2544K, capacity 2604K, committed 2688K, reserved 1048576K
}
Event: 5.233 GC heap before
{Heap before GC invocations=17 (full 3):
 PSYoungGen      total 467456K, used 467429K [0x00000000d5f80000, 0x0000000100000000, 0x0000000100000000)
  eden space 309760K, 100% used [0x00000000d5f80000,0x00000000e8e00000,0x00000000e8e00000)
  from space 157696K, 99% used [0x00000000e8e00000,0x00000000f27f9710,0x00000000f2800000)
  to   space 217088K, 0% used [0x00000000f2c00000,0x00000000f2c00000,0x0000000100000000)
 ParOldGen       total 263680K, used 124628K [0x0000000081e00000, 0x0000000091f80000, 0x00000000d5f80000)
  object space 263680K, 47% used [0x0000000081e00000,0x00000000897b5250,0x0000000091f80000)
 Metaspace       used 19363K, capacity 19644K, committed 20096K, reserved 1067008K
  class space    used 2544K, capacity 2604K, committed 2688K, reserved 1048576K
Event: 5.331 GC heap after
Heap after GC invocations=17 (full 3):
 PSYoungGen      total 446976K, used 217058K [0x00000000d5f80000, 0x0000000100000000, 0x0000000100000000)
  eden space 229888K, 0% used [0x00000000d5f80000,0x00000000d5f80000,0x00000000e4000000)
  from space 217088K, 99% used [0x00000000f2c00000,0x00000000ffff8910,0x0000000100000000)
  to   space 229376K, 0% used [0x00000000e4000000,0x00000000e4000000,0x00000000f2000000)
 ParOldGen       total 263680K, used 153261K [0x0000000081e00000, 0x0000000091f80000, 0x00000000d5f80000)
  object space 263680K, 58% used [0x0000000081e00000,0x000000008b3ab700,0x0000000091f80000)
 Metaspace       used 19363K, capacity 19644K, committed 20096K, reserved 1067008K
  class space    used 2544K, capacity 2604K, committed 2688K, reserved 1048576K
}
Event: 5.615 GC heap before
{Heap before GC invocations=18 (full 3):
 PSYoungGen      total 446976K, used 446946K [0x00000000d5f80000, 0x0000000100000000, 0x0000000100000000)
  eden space 229888K, 100% used [0x00000000d5f80000,0x00000000e4000000,0x00000000e4000000)
  from space 217088K, 99% used [0x00000000f2c00000,0x00000000ffff8910,0x0000000100000000)
  to   space 229376K, 0% used [0x00000000e4000000,0x00000000e4000000,0x00000000f2000000)
 ParOldGen       total 263680K, used 153261K [0x0000000081e00000, 0x0000000091f80000, 0x00000000d5f80000)
  object space 263680K, 58% used [0x0000000081e00000,0x000000008b3ab700,0x0000000091f80000)
 Metaspace       used 19436K, capacity 19648K, committed 20096K, reserved 1067008K
  class space    used 2546K, capacity 2604K, committed 2688K, reserved 1048576K

