# JRE version: Java(TM) SE Runtime Environment (8.0_191-b12) (build 1.8.0_191-b12)
# Java VM: Java HotSpot(TM) 64-Bit Server VM (25.191-b12 mixed mode windows-amd64 compressed oops)
Heap:
 PSYoungGen      total 434688K, used 416166K [0x00000000d5f80000, 0x0000000100000000, 0x0000000100000000)
  eden space 229888K, 91% used [0x00000000d5f80000,0x00000000e2deba38,0x00000000e4000000)
  from space 204800K, 99% used [0x00000000f3800000,0x00000000ffffe110,0x0000000100000000)
  to   space 229376K, 6% used [0x00000000e4000000,0x00000000e4f54350,0x00000000f2000000)
 ParOldGen       total 271872K, used 270682K [0x0000000081e00000, 0x0000000092780000, 0x00000000d5f80000)
  object space 271872K, 99% used [0x0000000081e00000,0x0000000092662840,0x0000000092780000)
 Metaspace       used 19414K, capacity 19648K, committed 20096K, reserved 1067008K
  class space    used 2535K, capacity 2604K, committed 2688K, reserved 1048576K
GC Heap History (10 events):
Event: 4.684 GC heap after
Heap after GC invocations=13 (full 2):
 PSYoungGen      total 387584K, used 126964K [0x00000000d5f80000, 0x00000000fc180000, 0x0000000100000000)
  eden space 260608K, 0% used [0x00000000d5f80000,0x00000000d5f80000,0x00000000e5e00000)
  from space 126976K, 99% used [0x00000000e5e00000,0x00000000ed9fd3a0,0x00000000eda00000)
  to   space 162304K, 0% used [0x00000000f2300000,0x00000000f2300000,0x00000000fc180000)
 ParOldGen       total 464896K, used 302037K [0x0000000081e00000, 0x000000009e400000, 0x00000000d5f80000)
  object space 464896K, 64% used [0x0000000081e00000,0x00000000944f5638,0x000000009e400000)
 Metaspace       used 19354K, capacity 19644K, committed 20096K, reserved 1067008K
  class space    used 2533K, capacity 2604K, committed 2688K, reserved 1048576K
}
Event: 4.837 GC heap before
{Heap before GC invocations=14 (full 2):
 PSYoungGen      total 387584K, used 387572K [0x00000000d5f80000, 0x00000000fc180000, 0x0000000100000000)
  eden space 260608K, 100% used [0x00000000d5f80000,0x00000000e5e00000,0x00000000e5e00000)
  from space 126976K, 99% used [0x00000000e5e00000,0x00000000ed9fd3a0,0x00000000eda00000)
  to   space 162304K, 0% used [0x00000000f2300000,0x00000000f2300000,0x00000000fc180000)
 ParOldGen       total 464896K, used 302037K [0x0000000081e00000, 0x000000009e400000, 0x00000000d5f80000)
  object space 464896K, 64% used [0x0000000081e00000,0x00000000944f5638,0x000000009e400000)
 Metaspace       used 19354K, capacity 19644K, committed 20096K, reserved 1067008K
  class space    used 2533K, capacity 2604K, committed 2688K, reserved 1048576K
Event: 4.913 GC heap after
Heap after GC invocations=14 (full 2):
 PSYoungGen      total 469504K, used 64064K [0x00000000d5f80000, 0x00000000fc400000, 0x0000000100000000)
  eden space 307200K, 0% used [0x00000000d5f80000,0x00000000d5f80000,0x00000000e8b80000)
  from space 162304K, 39% used [0x00000000f2300000,0x00000000f6190328,0x00000000fc180000)
  to   space 155136K, 0% used [0x00000000e8b80000,0x00000000e8b80000,0x00000000f2300000)
 ParOldGen       total 464896K, used 369805K [0x0000000081e00000, 0x000000009e400000, 0x00000000d5f80000)
  object space 464896K, 79% used [0x0000000081e00000,0x00000000987236d8,0x000000009e400000)
 Metaspace       used 19354K, capacity 19644K, committed 20096K, reserved 1067008K
  class space    used 2533K, capacity 2604K, committed 2688K, reserved 1048576K
}
Event: 4.913 GC heap before
{Heap before GC invocations=15 (full 3):
 PSYoungGen      total 469504K, used 64064K [0x00000000d5f80000, 0x00000000fc400000, 0x0000000100000000)
  eden space 307200K, 0% used [0x00000000d5f80000,0x00000000d5f80000,0x00000000e8b80000)
  from space 162304K, 39% used [0x00000000f2300000,0x00000000f6190328,0x00000000fc180000)
  to   space 155136K, 0% used [0x00000000e8b80000,0x00000000e8b80000,0x00000000f2300000)
 ParOldGen       total 464896K, used 369805K [0x0000000081e00000, 0x000000009e400000, 0x00000000d5f80000)
  object space 464896K, 79% used [0x0000000081e00000,0x00000000987236d8,0x000000009e400000)
 Metaspace       used 19354K, capacity 19644K, committed 20096K, reserved 1067008K
  class space    used 2533K, capacity 2604K, committed 2688K, reserved 1048576K
Event: 4.969 GC heap after
Heap after GC invocations=15 (full 3):
 PSYoungGen      total 469504K, used 0K [0x00000000d5f80000, 0x00000000fc400000, 0x0000000100000000)
  eden space 307200K, 0% used [0x00000000d5f80000,0x00000000d5f80000,0x00000000e8b80000)
  from space 162304K, 0% used [0x00000000f2300000,0x00000000f2300000,0x00000000fc180000)
  to   space 155136K, 0% used [0x00000000e8b80000,0x00000000e8b80000,0x00000000f2300000)
 ParOldGen       total 271872K, used 39699K [0x0000000081e00000, 0x0000000092780000, 0x00000000d5f80000)
  object space 271872K, 14% used [0x0000000081e00000,0x00000000844c4eb0,0x0000000092780000)
 Metaspace       used 19354K, capacity 19644K, committed 20096K, reserved 1067008K
  class space    used 2533K, capacity 2604K, committed 2688K, reserved 1048576K
}
Event: 5.351 GC heap before
{Heap before GC invocations=16 (full 3):
 PSYoungGen      total 469504K, used 307200K [0x00000000d5f80000, 0x00000000fc400000, 0x0000000100000000)
  eden space 307200K, 100% used [0x00000000d5f80000,0x00000000e8b80000,0x00000000e8b80000)
  from space 162304K, 0% used [0x00000000f2300000,0x00000000f2300000,0x00000000fc180000)
  to   space 155136K, 0% used [0x00000000e8b80000,0x00000000e8b80000,0x00000000f2300000)
 ParOldGen       total 271872K, used 39699K [0x0000000081e00000, 0x0000000092780000, 0x00000000d5f80000)
  object space 271872K, 14% used [0x0000000081e00000,0x00000000844c4eb0,0x0000000092780000)
 Metaspace       used 19360K, capacity 19644K, committed 20096K, reserved 1067008K
  class space    used 2533K, capacity 2604K, committed 2688K, reserved 1048576K
Event: 5.405 GC heap after
Heap after GC invocations=16 (full 3):
 PSYoungGen      total 462336K, used 155109K [0x00000000d5f80000, 0x0000000100000000, 0x0000000100000000)
  eden space 307200K, 0% used [0x00000000d5f80000,0x00000000d5f80000,0x00000000e8b80000)
  from space 155136K, 99% used [0x00000000e8b80000,0x00000000f22f9590,0x00000000f2300000)
  to   space 204800K, 0% used [0x00000000f3800000,0x00000000f3800000,0x0000000100000000)
 ParOldGen       total 271872K, used 99525K [0x0000000081e00000, 0x0000000092780000, 0x00000000d5f80000)
  object space 271872K, 36% used [0x0000000081e00000,0x0000000087f315e0,0x0000000092780000)
 Metaspace       used 19360K, capacity 19644K, committed 20096K, reserved 1067008K
  class space    used 2533K, capacity 2604K, committed 2688K, reserved 1048576K
}
Event: 5.746 GC heap before
{Heap before GC invocations=17 (full 3):
 PSYoungGen      total 462336K, used 462309K [0x00000000d5f80000, 0x0000000100000000, 0x0000000100000000)
  eden space 307200K, 100% used [0x00000000d5f80000,0x00000000e8b80000,0x00000000e8b80000)
  from space 155136K, 99% used [0x00000000e8b80000,0x00000000f22f9590,0x00000000f2300000)
  to   space 204800K, 0% used [0x00000000f3800000,0x00000000f3800000,0x0000000100000000)
 ParOldGen       total 271872K, used 99525K [0x0000000081e00000, 0x0000000092780000, 0x00000000d5f80000)
  object space 271872K, 36% used [0x0000000081e00000,0x0000000087f315e0,0x0000000092780000)
 Metaspace       used 19361K, capacity 19644K, committed 20096K, reserved 1067008K
  class space    used 2533K, capacity 2604K, committed 2688K, reserved 1048576K
Event: 5.846 GC heap after
Heap after GC invocations=17 (full 3):
 PSYoungGen      total 434688K, used 204792K [0x00000000d5f80000, 0x0000000100000000, 0x0000000100000000)
  eden space 229888K, 0% used [0x00000000d5f80000,0x00000000d5f80000,0x00000000e4000000)
  from space 204800K, 99% used [0x00000000f3800000,0x00000000ffffe110,0x0000000100000000)
  to   space 229376K, 0% used [0x00000000e4000000,0x00000000e4000000,0x00000000f2000000)
 ParOldGen       total 271872K, used 160648K [0x0000000081e00000, 0x0000000092780000, 0x00000000d5f80000)
  object space 271872K, 59% used [0x0000000081e00000,0x000000008bae2320,0x0000000092780000)
 Metaspace       used 19361K, capacity 19644K, committed 20096K, reserved 1067008K
  class space    used 2533K, capacity 2604K, committed 2688K, reserved 1048576K
}
Event: 6.117 GC heap before
{Heap before GC invocations=18 (full 3):
 PSYoungGen      total 434688K, used 416166K [0x00000000d5f80000, 0x0000000100000000, 0x0000000100000000)
  eden space 229888K, 91% used [0x00000000d5f80000,0x00000000e2deba38,0x00000000e4000000)
  from space 204800K, 99% used [0x00000000f3800000,0x00000000ffffe110,0x0000000100000000)
  to   space 229376K, 0% used [0x00000000e4000000,0x00000000e4000000,0x00000000f2000000)
 ParOldGen       total 271872K, used 160648K [0x0000000081e00000, 0x0000000092780000, 0x00000000d5f80000)
  object space 271872K, 59% used [0x0000000081e00000,0x000000008bae2320,0x0000000092780000)
 Metaspace       used 19414K, capacity 19648K, committed 20096K, reserved 1067008K
  class space    used 2535K, capacity 2604K, committed 2688K, reserved 1048576K

