# JRE version: Java(TM) SE Runtime Environment (8.0_191-b12) (build 1.8.0_191-b12)
# Java VM: Java HotSpot(TM) 64-Bit Server VM (25.191-b12 mixed mode windows-amd64 compressed oops)
Heap:
 PSYoungGen      total 479744K, used 156133K [0x00000000d5f80000, 0x0000000100000000, 0x0000000100000000)
  eden space 323584K, 0% used [0x00000000d5f80000,0x00000000d5f80000,0x00000000e9b80000)
  from space 156160K, 99% used [0x00000000e9b80000,0x00000000f33f96c0,0x00000000f3400000)
  to   space 208896K, 0% used [0x00000000f3400000,0x00000000f3400000,0x0000000100000000)
 ParOldGen       total 253440K, used 145726K [0x0000000081e00000, 0x0000000091580000, 0x00000000d5f80000)
  object space 253440K, 57% used [0x0000000081e00000,0x000000008ac4fa48,0x0000000091580000)
 Metaspace       used 19365K, capacity 19644K, committed 20096K, reserved 1067008K
  class space    used 2533K, capacity 2604K, committed 2688K, reserved 1048576K
GC Heap History (10 events):
Event: 3.624 GC heap after
Heap after GC invocations=12 (full 2):
 PSYoungGen      total 352768K, used 75808K [0x00000000d5f80000, 0x00000000f5f00000, 0x0000000100000000)
  eden space 269824K, 0% used [0x00000000d5f80000,0x00000000d5f80000,0x00000000e6700000)
  from space 82944K, 91% used [0x00000000f0e00000,0x00000000f5808090,0x00000000f5f00000)
  to   space 126976K, 0% used [0x00000000e6700000,0x00000000e6700000,0x00000000ee300000)
 ParOldGen       total 455680K, used 272272K [0x0000000081e00000, 0x000000009db00000, 0x00000000d5f80000)
  object space 455680K, 59% used [0x0000000081e00000,0x00000000927e4330,0x000000009db00000)
 Metaspace       used 19151K, capacity 19416K, committed 19840K, reserved 1067008K
  class space    used 2517K, capacity 2598K, committed 2688K, reserved 1048576K
}
Event: 4.004 GC heap before
{Heap before GC invocations=13 (full 2):
 PSYoungGen      total 352768K, used 345632K [0x00000000d5f80000, 0x00000000f5f00000, 0x0000000100000000)
  eden space 269824K, 100% used [0x00000000d5f80000,0x00000000e6700000,0x00000000e6700000)
  from space 82944K, 91% used [0x00000000f0e00000,0x00000000f5808090,0x00000000f5f00000)
  to   space 126976K, 0% used [0x00000000e6700000,0x00000000e6700000,0x00000000ee300000)
 ParOldGen       total 455680K, used 272272K [0x0000000081e00000, 0x000000009db00000, 0x00000000d5f80000)
  object space 455680K, 59% used [0x0000000081e00000,0x00000000927e4330,0x000000009db00000)
 Metaspace       used 19359K, capacity 19644K, committed 20096K, reserved 1067008K
  class space    used 2533K, capacity 2604K, committed 2688K, reserved 1048576K
Event: 4.084 GC heap after
Heap after GC invocations=13 (full 2):
 PSYoungGen      total 396800K, used 126965K [0x00000000d5f80000, 0x00000000fd200000, 0x0000000100000000)
  eden space 269824K, 0% used [0x00000000d5f80000,0x00000000d5f80000,0x00000000e6700000)
  from space 126976K, 99% used [0x00000000e6700000,0x00000000ee2fd640,0x00000000ee300000)
  to   space 161792K, 0% used [0x00000000f3400000,0x00000000f3400000,0x00000000fd200000)
 ParOldGen       total 455680K, used 303677K [0x0000000081e00000, 0x000000009db00000, 0x00000000d5f80000)
  object space 455680K, 66% used [0x0000000081e00000,0x000000009468f540,0x000000009db00000)
 Metaspace       used 19359K, capacity 19644K, committed 20096K, reserved 1067008K
  class space    used 2533K, capacity 2604K, committed 2688K, reserved 1048576K
}
Event: 4.232 GC heap before
{Heap before GC invocations=14 (full 2):
 PSYoungGen      total 396800K, used 396789K [0x00000000d5f80000, 0x00000000fd200000, 0x0000000100000000)
  eden space 269824K, 100% used [0x00000000d5f80000,0x00000000e6700000,0x00000000e6700000)
  from space 126976K, 99% used [0x00000000e6700000,0x00000000ee2fd640,0x00000000ee300000)
  to   space 161792K, 0% used [0x00000000f3400000,0x00000000f3400000,0x00000000fd200000)
 ParOldGen       total 455680K, used 303677K [0x0000000081e00000, 0x000000009db00000, 0x00000000d5f80000)
  object space 455680K, 66% used [0x0000000081e00000,0x000000009468f540,0x000000009db00000)
 Metaspace       used 19359K, capacity 19644K, committed 20096K, reserved 1067008K
  class space    used 2533K, capacity 2604K, committed 2688K, reserved 1048576K
Event: 4.299 GC heap after
Heap after GC invocations=14 (full 2):
 PSYoungGen      total 485376K, used 66976K [0x00000000d5f80000, 0x00000000fd700000, 0x0000000100000000)
  eden space 323584K, 0% used [0x00000000d5f80000,0x00000000d5f80000,0x00000000e9b80000)
  from space 161792K, 41% used [0x00000000f3400000,0x00000000f75683d8,0x00000000fd200000)
  to   space 156160K, 0% used [0x00000000e9b80000,0x00000000e9b80000,0x00000000f3400000)
 ParOldGen       total 455680K, used 367605K [0x0000000081e00000, 0x000000009db00000, 0x00000000d5f80000)
  object space 455680K, 80% used [0x0000000081e00000,0x00000000984fd5d0,0x000000009db00000)
 Metaspace       used 19359K, capacity 19644K, committed 20096K, reserved 1067008K
  class space    used 2533K, capacity 2604K, committed 2688K, reserved 1048576K
}
Event: 4.299 GC heap before
{Heap before GC invocations=15 (full 3):
 PSYoungGen      total 485376K, used 66976K [0x00000000d5f80000, 0x00000000fd700000, 0x0000000100000000)
  eden space 323584K, 0% used [0x00000000d5f80000,0x00000000d5f80000,0x00000000e9b80000)
  from space 161792K, 41% used [0x00000000f3400000,0x00000000f75683d8,0x00000000fd200000)
  to   space 156160K, 0% used [0x00000000e9b80000,0x00000000e9b80000,0x00000000f3400000)
 ParOldGen       total 455680K, used 367605K [0x0000000081e00000, 0x000000009db00000, 0x00000000d5f80000)
  object space 455680K, 80% used [0x0000000081e00000,0x00000000984fd5d0,0x000000009db00000)
 Metaspace       used 19359K, capacity 19644K, committed 20096K, reserved 1067008K
  class space    used 2533K, capacity 2604K, committed 2688K, reserved 1048576K
Event: 4.350 GC heap after
Heap after GC invocations=15 (full 3):
 PSYoungGen      total 485376K, used 0K [0x00000000d5f80000, 0x00000000fd700000, 0x0000000100000000)
  eden space 323584K, 0% used [0x00000000d5f80000,0x00000000d5f80000,0x00000000e9b80000)
  from space 161792K, 0% used [0x00000000f3400000,0x00000000f3400000,0x00000000fd200000)
  to   space 156160K, 0% used [0x00000000e9b80000,0x00000000e9b80000,0x00000000f3400000)
 ParOldGen       total 253440K, used 40315K [0x0000000081e00000, 0x0000000091580000, 0x00000000d5f80000)
  object space 253440K, 15% used [0x0000000081e00000,0x000000008455ecc8,0x0000000091580000)
 Metaspace       used 19359K, capacity 19644K, committed 20096K, reserved 1067008K
  class space    used 2533K, capacity 2604K, committed 2688K, reserved 1048576K
}
Event: 4.782 GC heap before
{Heap before GC invocations=16 (full 3):
 PSYoungGen      total 485376K, used 323584K [0x00000000d5f80000, 0x00000000fd700000, 0x0000000100000000)
  eden space 323584K, 100% used [0x00000000d5f80000,0x00000000e9b80000,0x00000000e9b80000)
  from space 161792K, 0% used [0x00000000f3400000,0x00000000f3400000,0x00000000fd200000)
  to   space 156160K, 0% used [0x00000000e9b80000,0x00000000e9b80000,0x00000000f3400000)
 ParOldGen       total 253440K, used 40315K [0x0000000081e00000, 0x0000000091580000, 0x00000000d5f80000)
  object space 253440K, 15% used [0x0000000081e00000,0x000000008455ecc8,0x0000000091580000)
 Metaspace       used 19365K, capacity 19644K, committed 20096K, reserved 1067008K
  class space    used 2533K, capacity 2604K, committed 2688K, reserved 1048576K
Event: 4.841 GC heap after
Heap after GC invocations=16 (full 3):
 PSYoungGen      total 479744K, used 156133K [0x00000000d5f80000, 0x0000000100000000, 0x0000000100000000)
  eden space 323584K, 0% used [0x00000000d5f80000,0x00000000d5f80000,0x00000000e9b80000)
  from space 156160K, 99% used [0x00000000e9b80000,0x00000000f33f96c0,0x00000000f3400000)
  to   space 208896K, 0% used [0x00000000f3400000,0x00000000f3400000,0x0000000100000000)
 ParOldGen       total 253440K, used 145726K [0x0000000081e00000, 0x0000000091580000, 0x00000000d5f80000)
  object space 253440K, 57% used [0x0000000081e00000,0x000000008ac4fa48,0x0000000091580000)
 Metaspace       used 19365K, capacity 19644K, committed 20096K, reserved 1067008K
  class space    used 2533K, capacity 2604K, committed 2688K, reserved 1048576K
}
Event: 4.841 GC heap before
{Heap before GC invocations=17 (full 4):
 PSYoungGen      total 479744K, used 156133K [0x00000000d5f80000, 0x0000000100000000, 0x0000000100000000)
  eden space 323584K, 0% used [0x00000000d5f80000,0x00000000d5f80000,0x00000000e9b80000)
  from space 156160K, 99% used [0x00000000e9b80000,0x00000000f33f96c0,0x00000000f3400000)
  to   space 208896K, 0% used [0x00000000f3400000,0x00000000f3400000,0x0000000100000000)
 ParOldGen       total 253440K, used 145726K [0x0000000081e00000, 0x0000000091580000, 0x00000000d5f80000)
  object space 253440K, 57% used [0x0000000081e00000,0x000000008ac4fa48,0x0000000091580000)
 Metaspace       used 19365K, capacity 19644K, committed 20096K, reserved 1067008K
  class space    used 2533K, capacity 2604K, committed 2688K, reserved 1048576K

